This is pdfTeX, Version 3.14159265-2.6-1.40.21 (MiKTeX 20.6.29) (preloaded format=pdflatex 2020.8.12)  22 FEB 2021 19:24
entering extended mode
**./NarrowCaptureEllipseOpt.tex
(NarrowCaptureEllipseOpt.tex
LaTeX2e <2020-02-02> patch level 5
L3 programming layer <2020-06-18>
("C:\Program Files\MiKTeX\tex/latex/base\article.cls"
Document Class: article 2019/12/20 v1.4l Standard LaTeX document class
("C:\Program Files\MiKTeX\tex/latex/base\fleqn.clo"
File: fleqn.clo 2016/12/29 v1.2b Standard LaTeX option (flush left equations)
\mathindent=\dimen134
Applying: [2015/01/01] Make \[ robust on input line 50.
LaTeX Info: Redefining \[ on input line 51.
Already applied: [0000/00/00] Make \[ robust on input line 62.
Applying: [2015/01/01] Make \] robust on input line 74.
LaTeX Info: Redefining \] on input line 75.
Already applied: [0000/00/00] Make \] robust on input line 83.
)
("C:\Program Files\MiKTeX\tex/latex/base\size11.clo"
File: size11.clo 2019/12/20 v1.4l Standard LaTeX file (size option)
)
\c@part=\count167
\c@section=\count168
\c@subsection=\count169
\c@subsubsection=\count170
\c@paragraph=\count171
\c@subparagraph=\count172
\c@figure=\count173
\c@table=\count174
\abovecaptionskip=\skip47
\belowcaptionskip=\skip48
\bibindent=\dimen135
)
("C:\Program Files\MiKTeX\tex/latex/amsmath\amsmath.sty"
Package: amsmath 2020/01/20 v2.17e AMS math features
\@mathmargin=\skip49

For additional information on amsmath, use the `?' option.
("C:\Program Files\MiKTeX\tex/latex/amsmath\amstext.sty"
Package: amstext 2000/06/29 v2.01 AMS text

("C:\Program Files\MiKTeX\tex/latex/amsmath\amsgen.sty"
File: amsgen.sty 1999/11/30 v2.0 generic functions
\@emptytoks=\toks15
\ex@=\dimen136
))
("C:\Program Files\MiKTeX\tex/latex/amsmath\amsbsy.sty"
Package: amsbsy 1999/11/29 v1.2d Bold Symbols
\pmbraise@=\dimen137
)
("C:\Program Files\MiKTeX\tex/latex/amsmath\amsopn.sty"
Package: amsopn 2016/03/08 v2.02 operator names
)
\inf@bad=\count175
LaTeX Info: Redefining \frac on input line 227.
\uproot@=\count176
\leftroot@=\count177
LaTeX Info: Redefining \overline on input line 389.
\classnum@=\count178
\DOTSCASE@=\count179
LaTeX Info: Redefining \ldots on input line 486.
LaTeX Info: Redefining \dots on input line 489.
LaTeX Info: Redefining \cdots on input line 610.
\Mathstrutbox@=\box45
\strutbox@=\box46
\big@size=\dimen138
LaTeX Font Info:    Redeclaring font encoding OML on input line 733.
LaTeX Font Info:    Redeclaring font encoding OMS on input line 734.
\macc@depth=\count180
\c@MaxMatrixCols=\count181
\dotsspace@=\muskip16
\c@parentequation=\count182
\dspbrk@lvl=\count183
\tag@help=\toks16
\row@=\count184
\column@=\count185
\maxfields@=\count186
\andhelp@=\toks17
\eqnshift@=\dimen139
\alignsep@=\dimen140
\tagshift@=\dimen141
\tagwidth@=\dimen142
\totwidth@=\dimen143
\lineht@=\dimen144
\@envbody=\toks18
\multlinegap=\skip50
\multlinetaggap=\skip51
\mathdisplay@stack=\toks19
LaTeX Info: Redefining \[ on input line 2859.
LaTeX Info: Redefining \] on input line 2860.
)
("C:\Program Files\MiKTeX\tex/latex/amsfonts\amssymb.sty"
Package: amssymb 2013/01/14 v3.01 AMS font symbols

("C:\Program Files\MiKTeX\tex/latex/amsfonts\amsfonts.sty"
Package: amsfonts 2013/01/14 v3.01 Basic AMSFonts support
\symAMSa=\mathgroup4
\symAMSb=\mathgroup5
LaTeX Font Info:    Redeclaring math symbol \hbar on input line 98.
LaTeX Font Info:    Overwriting math alphabet `\mathfrak' in version `bold'
(Font)                  U/euf/m/n --> U/euf/b/n on input line 106.
))
("C:\Program Files\MiKTeX\tex/latex/amscls\amsthm.sty"
Package: amsthm 2020/05/29 v2.20.6
\thm@style=\toks20
\thm@bodyfont=\toks21
\thm@headfont=\toks22
\thm@notefont=\toks23
\thm@headpunct=\toks24
\thm@preskip=\skip52
\thm@postskip=\skip53
\thm@headsep=\skip54
\dth@everypar=\toks25
)
("C:\Program Files\MiKTeX\tex/latex/cite\cite.sty"
LaTeX Info: Redefining \cite on input line 302.
LaTeX Info: Redefining \nocite on input line 332.
Package: cite 2015/02/27  v 5.5
)
("C:\Program Files\MiKTeX\tex/latex/graphics\color.sty"
Package: color 2019/11/23 v1.2a Standard LaTeX Color (DPC)

("C:\Program Files\MiKTeX\tex/latex/graphics-cfg\color.cfg"
File: color.cfg 2016/01/02 v1.6 sample color configuration
)
Package color Info: Driver file: pdftex.def on input line 147.

("C:\Program Files\MiKTeX\tex/latex/graphics-def\pdftex.def"
File: pdftex.def 2018/01/08 v1.0l Graphics/color driver for pdftex
)
("C:\Program Files\MiKTeX\tex/latex/graphics\dvipsnam.def"
File: dvipsnam.def 2016/06/17 v3.0m Driver-dependent file (DPC,SPQR)
))
("C:\Program Files\MiKTeX\tex/latex/graphics\graphicx.sty"
Package: graphicx 2019/11/30 v1.2a Enhanced LaTeX Graphics (DPC,SPQR)

("C:\Program Files\MiKTeX\tex/latex/graphics\keyval.sty"
Package: keyval 2014/10/28 v1.15 key=value parser (DPC)
\KV@toks@=\toks26
)
("C:\Program Files\MiKTeX\tex/latex/graphics\graphics.sty"
Package: graphics 2019/11/30 v1.4a Standard LaTeX Graphics (DPC,SPQR)

("C:\Program Files\MiKTeX\tex/latex/graphics\trig.sty"
Package: trig 2016/01/03 v1.10 sin cos tan (DPC)
)
("C:\Program Files\MiKTeX\tex/latex/graphics-cfg\graphics.cfg"
File: graphics.cfg 2016/06/04 v1.11 sample graphics configuration
)
Package graphics Info: Driver file: pdftex.def on input line 105.
)
\Gin@req@height=\dimen145
\Gin@req@width=\dimen146
)
("C:\Program Files\MiKTeX\tex/latex/subfigure\subfigure.sty"
Package: subfigure 2002/07/30 v2.1.4 subfigure package
\subfigtopskip=\skip55
\subfigcapskip=\skip56
\subfigcaptopadj=\dimen147
\subfigbottomskip=\skip57
\subfigcapmargin=\dimen148
\subfiglabelskip=\skip58
\c@subfigure=\count187
\c@lofdepth=\count188
\c@subtable=\count189
\c@lotdepth=\count190

****************************************
* Local config file subfigure.cfg used *
****************************************
("C:\Program Files\MiKTeX\tex/latex/subfigure\subfigure.cfg")
\subfig@top=\skip59
\subfig@bottom=\skip60
)
("C:\Program Files\MiKTeX\tex/latex/tabulary\tabulary.sty"
Package: tabulary 2014/06/11 v0.10 tabulary package (DPC)

("C:\Program Files\MiKTeX\tex/latex/tools\array.sty"
Package: array 2019/08/31 v2.4l Tabular extension package (FMi)
\col@sep=\dimen149
\ar@mcellbox=\box47
\extrarowheight=\dimen150
\NC@list=\toks27
\extratabsurround=\skip61
\backup@length=\skip62
\ar@cellbox=\box48
)
\TY@count=\count191
\TY@linewidth=\dimen151
\tymin=\dimen152
\tymax=\dimen153
\TY@tablewidth=\dimen154
)
("C:\Program Files\MiKTeX\tex/latex/float\float.sty"
Package: float 2001/11/08 v1.3d Float enhancements (AL)
\c@float@type=\count192
\float@exts=\toks28
\float@box=\box49
\@float@everytoks=\toks29
\@floatcapt=\box50
)
("C:\Program Files\MiKTeX\tex/latex/was\gensymb.sty"
Package: gensymb 2003/07/02 v1.0 (WaS)
)
("C:\Program Files\MiKTeX\tex/latex/preprint\authblk.sty"
Package: authblk 2001/02/27 1.3 (PWD)
\affilsep=\skip63
\@affilsep=\skip64
\c@Maxaffil=\count193
\c@authors=\count194
\c@affil=\count195
)
("C:\Program Files\MiKTeX\tex/latex/geometry\geometry.sty"
Package: geometry 2020/01/02 v5.9 Page Geometry

("C:\Program Files\MiKTeX\tex/generic/iftex\ifvtex.sty"
Package: ifvtex 2019/10/25 v1.7 ifvtex legacy package. Use iftex instead.

("C:\Program Files\MiKTeX\tex/generic/iftex\iftex.sty"
Package: iftex 2020/03/06 v1.0d TeX engine tests
))
\Gm@cnth=\count196
\Gm@cntv=\count197
\c@Gm@tempcnt=\count198
\Gm@bindingoffset=\dimen155
\Gm@wd@mp=\dimen156
\Gm@odd@mp=\dimen157
\Gm@even@mp=\dimen158
\Gm@layoutwidth=\dimen159
\Gm@layoutheight=\dimen160
\Gm@layouthoffset=\dimen161
\Gm@layoutvoffset=\dimen162
\Gm@dimlist=\toks30

("C:\Program Files\MiKTeX\tex/latex/geometry\geometry.cfg"))
\c@theorem=\count199
\c@theoremp=\count266
\c@lemma=\count267
\c@proposition=\count268
\c@corollary=\count269
\c@definition=\count270
\c@example=\count271
\c@remark=\count272
\c@tabnum=\count273

("C:\Program Files\MiKTeX\tex/latex/l3backend\l3backend-pdfmode.def"
File: l3backend-pdfmode.def 2020-06-29 L3 backend support: PDF mode
\l__kernel_color_stack_int=\count274
\l__pdf_internal_box=\box51
)

LaTeX Warning: Unused global option(s):
    [letter,subeqn].

(NarrowCaptureEllipseOpt.aux)
\openout1 = `NarrowCaptureEllipseOpt.aux'.

LaTeX Font Info:    Checking defaults for OML/cmm/m/it on input line 182.
LaTeX Font Info:    ... okay on input line 182.
LaTeX Font Info:    Checking defaults for OMS/cmsy/m/n on input line 182.
LaTeX Font Info:    ... okay on input line 182.
LaTeX Font Info:    Checking defaults for OT1/cmr/m/n on input line 182.
LaTeX Font Info:    ... okay on input line 182.
LaTeX Font Info:    Checking defaults for T1/cmr/m/n on input line 182.
LaTeX Font Info:    ... okay on input line 182.
LaTeX Font Info:    Checking defaults for TS1/cmr/m/n on input line 182.
LaTeX Font Info:    ... okay on input line 182.
LaTeX Font Info:    Checking defaults for OMX/cmex/m/n on input line 182.
LaTeX Font Info:    ... okay on input line 182.
LaTeX Font Info:    Checking defaults for U/cmr/m/n on input line 182.
LaTeX Font Info:    ... okay on input line 182.

("C:\Program Files\MiKTeX\tex/context/base/mkii\supp-pdf.mkii"
[Loading MPS to PDF converter (version 2006.09.02).]
\scratchcounter=\count275
\scratchdimen=\dimen163
\scratchbox=\box52
\nofMPsegments=\count276
\nofMParguments=\count277
\everyMPshowfont=\toks31
\MPscratchCnt=\count278
\MPscratchDim=\dimen164
\MPnumerator=\count279
\makeMPintoPDFobject=\count280
\everyMPtoPDFconversion=\toks32
) ("C:\Program Files\MiKTeX\tex/latex/epstopdf-pkg\epstopdf-base.sty"
Package: epstopdf-base 2020-01-24 v2.11 Base part for package epstopdf
Package epstopdf-base Info: Redefining graphics rule for `.eps' on input line 4
85.
)
LaTeX Info: Redefining \celsius on input line 182.
Package gensymb Info: Faking symbols for \degree and \celsius on input line 182
.


Package gensymb Warning: Not defining \perthousand.

LaTeX Info: Redefining \ohm on input line 182.
Package gensymb Info: Using \Omega for \ohm on input line 182.

Package gensymb Warning: Not defining \micro.

*geometry* driver: auto-detecting
*geometry* detected driver: pdftex
*geometry* verbose mode - [ preamble ] result:
* driver: pdftex
* paper: <default>
* layout: <same size as paper>
* layoutoffset:(h,v)=(0.0pt,0.0pt)
* modes: 
* h-part:(L,W,R)=(92.14519pt, 430.00462pt, 92.14519pt)
* v-part:(T,H,B)=(95.39737pt, 556.47656pt, 143.09605pt)
* \paperwidth=614.295pt
* \paperheight=794.96999pt
* \textwidth=455.24408pt
* \textheight=682.86613pt
* \oddsidemargin=17.07164pt
* \evensidemargin=0.0pt
* \topmargin=-79.66771pt
* \headheight=12.0pt
* \headsep=25.0pt
* \topskip=11.0pt
* \footskip=30.0pt
* \marginparwidth=59.0pt
* \marginparsep=10.0pt
* \columnsep=10.0pt
* \skip\footins=10.0pt plus 4.0pt minus 2.0pt
* \hoffset=0.0pt
* \voffset=0.0pt
* \mag=1000
* \@twocolumnfalse
* \@twosidefalse
* \@mparswitchfalse
* \@reversemarginfalse
* (1in=72.27pt=25.4mm, 1cm=28.453pt)

LaTeX Font Info:    Trying to load font information for U+msa on input line 185
.
("C:\Program Files\MiKTeX\tex/latex/amsfonts\umsa.fd"
File: umsa.fd 2013/01/14 v3.01 AMS symbols A
)
LaTeX Font Info:    Trying to load font information for U+msb on input line 185
.

("C:\Program Files\MiKTeX\tex/latex/amsfonts\umsb.fd"
File: umsb.fd 2013/01/14 v3.01 AMS symbols B
)
Underfull \hbox (badness 5954) in paragraph at lines 185--185
[][]\OT1/cmr/m/n/9 Corresponding Au-thor. Al-ter-na-tive En-glish spelling: Ale
xey Shevyakov. Elec-tronic mail:
 []



pdfTeX warning: pdflatex (file ./ProblemSchematic2D.pdf): PDF inclusion: found 
PDF version <1.7>, but at most version <1.5> allowed
<ProblemSchematic2D.pdf, id=1, 274.62701pt x 268.7139pt>
File: ProblemSchematic2D.pdf Graphic file (type pdf)
<use ProblemSchematic2D.pdf>
Package pdftex.def Info: ProblemSchematic2D.pdf  used on input line 216.
(pdftex.def)             Requested size: 136.5746pt x 133.63087pt.
<ProblemSchematic3D.pdf, id=2, 245.45502pt x 243.87712pt>
File: ProblemSchematic3D.pdf Graphic file (type pdf)
<use ProblemSchematic3D.pdf>
Package pdftex.def Info: ProblemSchematic3D.pdf  used on input line 218.
(pdftex.def)             Requested size: 136.5746pt x 135.69576pt.
[1

{C:/Users/Jason/AppData/Local/MiKTeX/pdftex/config/pdftex.map}] [2 <./ProblemSc
hematic2D.pdf> <./ProblemSchematic3D.pdf>] [3] [4] [5] [6] [7]
<RelativeDifference.pdf, id=467, 421.575pt x 316.18124pt>
File: RelativeDifference.pdf Graphic file (type pdf)
<use RelativeDifference.pdf>
Package pdftex.def Info: RelativeDifference.pdf  used on input line 464.
(pdftex.def)             Requested size: 227.62204pt x 170.72084pt.
<MeritFunc_ecc0p0.pdf, id=468, 421.575pt x 316.18124pt>
File: MeritFunc_ecc0p0.pdf Graphic file (type pdf)
<use MeritFunc_ecc0p0.pdf>
Package pdftex.def Info: MeritFunc_ecc0p0.pdf  used on input line 473.
(pdftex.def)             Requested size: 227.62204pt x 170.72084pt.
<MeritFunc_ecc0p125.pdf, id=469, 421.575pt x 316.18124pt>
File: MeritFunc_ecc0p125.pdf Graphic file (type pdf)
<use MeritFunc_ecc0p125.pdf>
Package pdftex.def Info: MeritFunc_ecc0p125.pdf  used on input line 477.
(pdftex.def)             Requested size: 227.62204pt x 170.72084pt.
<MeritFunc_ecc0p250.pdf, id=470, 421.575pt x 316.18124pt>
File: MeritFunc_ecc0p250.pdf Graphic file (type pdf)
<use MeritFunc_ecc0p250.pdf>
Package pdftex.def Info: MeritFunc_ecc0p250.pdf  used on input line 481.
(pdftex.def)             Requested size: 227.62204pt x 170.72084pt.
<MeritFunc_ecc0p500.pdf, id=471, 421.575pt x 316.18124pt>
File: MeritFunc_ecc0p500.pdf Graphic file (type pdf)
<use MeritFunc_ecc0p500.pdf>
Package pdftex.def Info: MeritFunc_ecc0p500.pdf  used on input line 485.
(pdftex.def)             Requested size: 227.62204pt x 170.72084pt.

Overfull \hbox (19.46664pt too wide) in paragraph at lines 473--488
[][]  []
 []


Overfull \hbox (19.46664pt too wide) in paragraph at lines 473--488
[]  []
 []


Underfull \hbox (badness 10000) in paragraph at lines 473--488

 []

[8 <./RelativeDifference.pdf>] [9 <./MeritFunc_ecc0p0.pdf> <./MeritFunc_ecc0p12
5.pdf> <./MeritFunc_ecc0p250.pdf> <./MeritFunc_ecc0p500.pdf>]
*geometry* verbose mode - [ newgeometry ] result:
* driver: pdftex
* paper: <default>
* layout: <same size as paper>
* layoutoffset:(h,v)=(0.0pt,0.0pt)
* modes: 
* h-part:(L,W,R)=(56.9055pt, 500.484pt, 56.9055pt)
* v-part:(T,H,B)=(56.9055pt, 681.15898pt, 56.9055pt)
* \paperwidth=614.295pt
* \paperheight=794.96999pt
* \textwidth=500.484pt
* \textheight=681.15898pt
* \oddsidemargin=-15.36449pt
* \evensidemargin=-15.36449pt
* \topmargin=-52.36449pt
* \headheight=12.0pt
* \headsep=25.0pt
* \topskip=11.0pt
* \footskip=30.0pt
* \marginparwidth=59.0pt
* \marginparsep=10.0pt
* \columnsep=10.0pt
* \skip\footins=10.0pt plus 4.0pt minus 2.0pt
* \hoffset=0.0pt
* \voffset=0.0pt
* \mag=1000
* \@twocolumnfalse
* \@twosidefalse
* \@mparswitchfalse
* \@reversemarginfalse
* (1in=72.27pt=25.4mm, 1cm=28.453pt)

 [10

]
<TrapConfig_ecc0p0_N5.pdf, id=495, 421.575pt x 316.18124pt>
File: TrapConfig_ecc0p0_N5.pdf Graphic file (type pdf)
<use TrapConfig_ecc0p0_N5.pdf>
Package pdftex.def Info: TrapConfig_ecc0p0_N5.pdf  used on input line 572.
(pdftex.def)             Requested size: 227.62204pt x 170.72084pt.
<TrapConfig_ecc0p125_N5.pdf, id=496, 421.575pt x 316.18124pt>
File: TrapConfig_ecc0p125_N5.pdf Graphic file (type pdf)
<use TrapConfig_ecc0p125_N5.pdf>
Package pdftex.def Info: TrapConfig_ecc0p125_N5.pdf  used on input line 576.
(pdftex.def)             Requested size: 227.62204pt x 170.72084pt.
<TrapConfig_ecc0p250_N5.pdf, id=497, 421.575pt x 316.18124pt>
File: TrapConfig_ecc0p250_N5.pdf Graphic file (type pdf)
<use TrapConfig_ecc0p250_N5.pdf>
Package pdftex.def Info: TrapConfig_ecc0p250_N5.pdf  used on input line 580.
(pdftex.def)             Requested size: 227.62204pt x 170.72084pt.
<TrapConfig_ecc0p500_N5.pdf, id=498, 421.575pt x 316.18124pt>
File: TrapConfig_ecc0p500_N5.pdf Graphic file (type pdf)
<use TrapConfig_ecc0p500_N5.pdf>
Package pdftex.def Info: TrapConfig_ecc0p500_N5.pdf  used on input line 584.
(pdftex.def)             Requested size: 227.62204pt x 170.72084pt.

Overfull \hbox (19.46664pt too wide) in paragraph at lines 572--586
[][]  []
 []


Overfull \hbox (19.46664pt too wide) in paragraph at lines 572--586
[]  []
 []


Underfull \hbox (badness 10000) in paragraph at lines 572--586

 []

<TrapConfig_ecc0p0_N10.pdf, id=499, 421.575pt x 316.18124pt>
File: TrapConfig_ecc0p0_N10.pdf Graphic file (type pdf)
<use TrapConfig_ecc0p0_N10.pdf>
Package pdftex.def Info: TrapConfig_ecc0p0_N10.pdf  used on input line 594.
(pdftex.def)             Requested size: 227.62204pt x 170.72084pt.
<TrapConfig_ecc0p125_N10.pdf, id=500, 421.575pt x 316.18124pt>
File: TrapConfig_ecc0p125_N10.pdf Graphic file (type pdf)
<use TrapConfig_ecc0p125_N10.pdf>
Package pdftex.def Info: TrapConfig_ecc0p125_N10.pdf  used on input line 598.
(pdftex.def)             Requested size: 227.62204pt x 170.72084pt.
<TrapConfig_ecc0p250_N10.pdf, id=501, 421.575pt x 316.18124pt>
File: TrapConfig_ecc0p250_N10.pdf Graphic file (type pdf)
<use TrapConfig_ecc0p250_N10.pdf>
Package pdftex.def Info: TrapConfig_ecc0p250_N10.pdf  used on input line 602.
(pdftex.def)             Requested size: 227.62204pt x 170.72084pt.
<TrapConfig_ecc0p500_N10.pdf, id=502, 421.575pt x 316.18124pt>
File: TrapConfig_ecc0p500_N10.pdf Graphic file (type pdf)
<use TrapConfig_ecc0p500_N10.pdf>
Package pdftex.def Info: TrapConfig_ecc0p500_N10.pdf  used on input line 606.
(pdftex.def)             Requested size: 227.62204pt x 170.72084pt.

Overfull \hbox (19.46664pt too wide) in paragraph at lines 594--608
[][]  []
 []


Overfull \hbox (19.46664pt too wide) in paragraph at lines 594--608
[]  []
 []


Underfull \hbox (badness 10000) in paragraph at lines 594--608

 []

[11

 <./TrapConfig_ecc0p0_N5.pdf> <./TrapConfig_ecc0p125_N5.pdf> <./TrapConfig_ecc0
p250_N5.pdf> <./TrapConfig_ecc0p500_N5.pdf>]
<TrapConfig_ecc0p0_N25.pdf, id=514, 421.575pt x 316.18124pt>
File: TrapConfig_ecc0p0_N25.pdf Graphic file (type pdf)
<use TrapConfig_ecc0p0_N25.pdf>
Package pdftex.def Info: TrapConfig_ecc0p0_N25.pdf  used on input line 616.
(pdftex.def)             Requested size: 227.62204pt x 170.72084pt.
<TrapConfig_ecc0p125_N25.pdf, id=515, 421.575pt x 316.18124pt>
File: TrapConfig_ecc0p125_N25.pdf Graphic file (type pdf)
<use TrapConfig_ecc0p125_N25.pdf>
Package pdftex.def Info: TrapConfig_ecc0p125_N25.pdf  used on input line 620.
(pdftex.def)             Requested size: 227.62204pt x 170.72084pt.
<TrapConfig_ecc0p250_N25.pdf, id=516, 421.575pt x 316.18124pt>
File: TrapConfig_ecc0p250_N25.pdf Graphic file (type pdf)
<use TrapConfig_ecc0p250_N25.pdf>
Package pdftex.def Info: TrapConfig_ecc0p250_N25.pdf  used on input line 624.
(pdftex.def)             Requested size: 227.62204pt x 170.72084pt.
<TrapConfig_ecc0p500_N25.pdf, id=517, 421.575pt x 316.18124pt>
File: TrapConfig_ecc0p500_N25.pdf Graphic file (type pdf)
<use TrapConfig_ecc0p500_N25.pdf>
Package pdftex.def Info: TrapConfig_ecc0p500_N25.pdf  used on input line 628.
(pdftex.def)             Requested size: 227.62204pt x 170.72084pt.

Overfull \hbox (19.46664pt too wide) in paragraph at lines 616--630
[][]  []
 []


Overfull \hbox (19.46664pt too wide) in paragraph at lines 616--630
[]  []
 []


Underfull \hbox (badness 10000) in paragraph at lines 616--630

 []

[12 <./TrapConfig_ecc0p0_N10.pdf> <./TrapConfig_ecc0p125_N10.pdf> <./TrapConfig
_ecc0p250_N10.pdf> <./TrapConfig_ecc0p500_N10.pdf>]
<TrapConfig_ecc0p0_N40.pdf, id=529, 421.575pt x 316.18124pt>
File: TrapConfig_ecc0p0_N40.pdf Graphic file (type pdf)
<use TrapConfig_ecc0p0_N40.pdf>
Package pdftex.def Info: TrapConfig_ecc0p0_N40.pdf  used on input line 638.
(pdftex.def)             Requested size: 227.62204pt x 170.72084pt.
<TrapConfig_ecc0p125_N40.pdf, id=530, 421.575pt x 316.18124pt>
File: TrapConfig_ecc0p125_N40.pdf Graphic file (type pdf)
<use TrapConfig_ecc0p125_N40.pdf>
Package pdftex.def Info: TrapConfig_ecc0p125_N40.pdf  used on input line 642.
(pdftex.def)             Requested size: 227.62204pt x 170.72084pt.
<TrapConfig_ecc0p250_N40.pdf, id=531, 421.575pt x 316.18124pt>
File: TrapConfig_ecc0p250_N40.pdf Graphic file (type pdf)
<use TrapConfig_ecc0p250_N40.pdf>
Package pdftex.def Info: TrapConfig_ecc0p250_N40.pdf  used on input line 646.
(pdftex.def)             Requested size: 227.62204pt x 170.72084pt.
<TrapConfig_ecc0p500_N40.pdf, id=532, 421.575pt x 316.18124pt>
File: TrapConfig_ecc0p500_N40.pdf Graphic file (type pdf)
<use TrapConfig_ecc0p500_N40.pdf>
Package pdftex.def Info: TrapConfig_ecc0p500_N40.pdf  used on input line 650.
(pdftex.def)             Requested size: 227.62204pt x 170.72084pt.

Overfull \hbox (19.46664pt too wide) in paragraph at lines 638--652
[][]  []
 []


Overfull \hbox (19.46664pt too wide) in paragraph at lines 638--652
[]  []
 []


Underfull \hbox (badness 10000) in paragraph at lines 638--652

 []

[13 <./TrapConfig_ecc0p0_N25.pdf> <./TrapConfig_ecc0p125_N25.pdf> <./TrapConfig
_ecc0p250_N25.pdf> <./TrapConfig_ecc0p500_N25.pdf>]
<TrapDist_ecc0p0.pdf, id=545, 421.575pt x 316.18124pt>
File: TrapDist_ecc0p0.pdf Graphic file (type pdf)
<use TrapDist_ecc0p0.pdf>
Package pdftex.def Info: TrapDist_ecc0p0.pdf  used on input line 665.
(pdftex.def)             Requested size: 227.62204pt x 170.72084pt.
<TrapDist_ecc0p125.pdf, id=546, 421.575pt x 316.18124pt>
File: TrapDist_ecc0p125.pdf Graphic file (type pdf)
<use TrapDist_ecc0p125.pdf>
Package pdftex.def Info: TrapDist_ecc0p125.pdf  used on input line 669.
(pdftex.def)             Requested size: 227.62204pt x 170.72084pt.
<TrapDist_ecc0p250.pdf, id=547, 421.575pt x 316.18124pt>
File: TrapDist_ecc0p250.pdf Graphic file (type pdf)
<use TrapDist_ecc0p250.pdf>
Package pdftex.def Info: TrapDist_ecc0p250.pdf  used on input line 673.
(pdftex.def)             Requested size: 227.62204pt x 170.72084pt.
<TrapDist_ecc0p500.pdf, id=548, 421.575pt x 316.18124pt>
File: TrapDist_ecc0p500.pdf Graphic file (type pdf)
<use TrapDist_ecc0p500.pdf>
Package pdftex.def Info: TrapDist_ecc0p500.pdf  used on input line 677.
(pdftex.def)             Requested size: 227.62204pt x 170.72084pt.

Overfull \hbox (19.46664pt too wide) in paragraph at lines 665--680
[][]  []
 []


Overfull \hbox (19.46664pt too wide) in paragraph at lines 665--680
[]  []
 []


Underfull \hbox (badness 10000) in paragraph at lines 665--680

 []

[14 <./TrapConfig_ecc0p0_N40.pdf> <./TrapConfig_ecc0p125_N40.pdf> <./TrapConfig
_ecc0p250_N40.pdf> <./TrapConfig_ecc0p500_N40.pdf>] [15 <./TrapDist_ecc0p0.pdf>
 <./TrapDist_ecc0p125.pdf> <./TrapDist_ecc0p250.pdf> <./TrapDist_ecc0p500.pdf>]
(NarrowCaptureEllipseOpt.bbl [16] [17]) [18] (NarrowCaptureEllipseOpt.aux) ) 
Here is how much of TeX's memory you used:
 3985 strings out of 480790
 54461 string characters out of 2907055
 308608 words of memory out of 3000000
 19929 multiletter control sequences out of 15000+200000
 545414 words of font info for 74 fonts, out of 3000000 for 9000
 1141 hyphenation exceptions out of 8191
 30i,11n,31p,1674b,278s stack positions out of 5000i,500n,10000p,200000b,50000s
 <C
:\Users\Jason\AppData\Local\MiKTeX\fonts/pk/ljfour/jknappen/ec/dpi600\tcrm0600.
pk> <C:\Users\Jason\AppData\Local\MiKTeX\fonts/pk/ljfour/jknappen/ec/dpi600\tcr
m0800.pk><C:/Program Files/MiKTeX/fonts/type1/public/amsfonts/cm/cmbx10.pfb><C:
/Program Files/MiKTeX/fonts/type1/public/amsfonts/cm/cmbx12.pfb><C:/Program Fil
es/MiKTeX/fonts/type1/public/amsfonts/cm/cmbx8.pfb><C:/Program Files/MiKTeX/fon
ts/type1/public/amsfonts/cm/cmex10.pfb><C:/Program Files/MiKTeX/fonts/type1/pub
lic/amsfonts/cm/cmmi10.pfb><C:/Program Files/MiKTeX/fonts/type1/public/amsfonts
/cm/cmmi6.pfb><C:/Program Files/MiKTeX/fonts/type1/public/amsfonts/cm/cmmi8.pfb
><C:/Program Files/MiKTeX/fonts/type1/public/amsfonts/cm/cmr10.pfb><C:/Program 
Files/MiKTeX/fonts/type1/public/amsfonts/cm/cmr12.pfb><C:/Program Files/MiKTeX/
fonts/type1/public/amsfonts/cm/cmr17.pfb><C:/Program Files/MiKTeX/fonts/type1/p
ublic/amsfonts/cm/cmr6.pfb><C:/Program Files/MiKTeX/fonts/type1/public/amsfonts
/cm/cmr8.pfb><C:/Program Files/MiKTeX/fonts/type1/public/amsfonts/cm/cmr9.pfb><
C:/Program Files/MiKTeX/fonts/type1/public/amsfonts/cm/cmsy10.pfb><C:/Program F
iles/MiKTeX/fonts/type1/public/amsfonts/cm/cmsy8.pfb><C:/Program Files/MiKTeX/f
onts/type1/public/amsfonts/cm/cmti10.pfb><C:/Program Files/MiKTeX/fonts/type1/p
ublic/amsfonts/cm/cmtt10.pfb><C:/Program Files/MiKTeX/fonts/type1/public/amsfon
ts/symbols/msbm10.pfb>
Output written on NarrowCaptureEllipseOpt.pdf (18 pages, 1173632 bytes).
PDF statistics:
 650 PDF objects out of 1000 (max. 8388607)
 0 named destinations out of 1000 (max. 500000)
 136 words of extra memory for PDF output out of 10000 (max. 10000000)

